  Source.cpp
c:\users\serenity\source\repos\computervision\project1\source.cpp(88): warning C4244: 'argument': conversion from 'double' to '_Tp', possible loss of data
          with
          [
              _Tp=int
          ]
c:\users\serenity\source\repos\computervision\project1\source.cpp(93): warning C4244: 'argument': conversion from 'double' to '_Tp', possible loss of data
          with
          [
              _Tp=int
          ]
c:\users\serenity\source\repos\computervision\project1\source.cpp(95): warning C4244: 'argument': conversion from 'double' to '_Tp', possible loss of data
          with
          [
              _Tp=int
          ]
c:\users\serenity\source\repos\computervision\project1\source.cpp(98): warning C4244: 'argument': conversion from 'double' to '_Tp', possible loss of data
          with
          [
              _Tp=int
          ]
  Project1.vcxproj -> C:\Users\Serenity\source\repos\ComputerVision\x64\Debug\Project1.exe
